2026-02-16 10:40:59,743 - src.data_loader - INFO - Generating 50 transactions for 5 customers.
2026-02-16 10:40:59,764 - src.data_loader - INFO - Data generation complete.
2026-02-16 10:40:59,772 - src.data_loader - INFO - Saving data to C:\Users\aravi\AppData\Local\Temp\pytest-of-aravi\pytest-0\test_save_and_load_data0\test_data.csv
2026-02-16 10:40:59,776 - src.data_loader - INFO - Data saved successfully.
2026-02-16 10:40:59,777 - src.data_loader - INFO - Loading data from C:\Users\aravi\AppData\Local\Temp\pytest-of-aravi\pytest-0\test_save_and_load_data0\test_data.csv
2026-02-16 10:40:59,791 - src.data_loader - INFO - Loaded 3 rows.
2026-02-16 10:40:59,793 - src.model - INFO - Training KMeans with 2 clusters...
2026-02-16 10:41:02,330 - src.model - INFO - Training complete.
2026-02-16 10:41:02,336 - src.model - INFO - Training KMeans with 2 clusters...
2026-02-16 10:41:02,391 - src.model - INFO - Training complete.
2026-02-16 10:41:02,391 - src.model - INFO - Evaluating model...
2026-02-16 10:41:02,396 - src.model - INFO - Silhouette Score: 0.5937378563814785
2026-02-16 10:41:18,119 - src.data_loader - INFO - Generating 50 transactions for 5 customers.
2026-02-16 10:41:18,121 - src.data_loader - INFO - Data generation complete.
2026-02-16 10:41:18,125 - src.data_loader - INFO - Saving data to C:\Users\aravi\AppData\Local\Temp\pytest-of-aravi\pytest-1\test_save_and_load_data0\test_data.csv
2026-02-16 10:41:18,127 - src.data_loader - INFO - Data saved successfully.
2026-02-16 10:41:18,127 - src.data_loader - INFO - Loading data from C:\Users\aravi\AppData\Local\Temp\pytest-of-aravi\pytest-1\test_save_and_load_data0\test_data.csv
2026-02-16 10:41:18,129 - src.data_loader - INFO - Loaded 3 rows.
2026-02-16 10:41:18,131 - src.model - INFO - Training KMeans with 2 clusters...
2026-02-16 10:41:19,973 - src.model - INFO - Training complete.
2026-02-16 10:41:19,975 - src.model - INFO - Training KMeans with 2 clusters...
2026-02-16 10:41:20,005 - src.model - INFO - Training complete.
2026-02-16 10:41:20,005 - src.model - INFO - Evaluating model...
2026-02-16 10:41:20,007 - src.model - INFO - Silhouette Score: 0.5937378563814785
2026-02-16 10:42:44,073 - src.preprocessor - INFO - Calculating RFM metrics...
2026-02-16 10:42:44,088 - src.preprocessor - INFO - RFM calculation complete for 20 customers.
2026-02-16 10:43:07,126 - src.data_loader - INFO - Generating 1000 transactions for 100 customers.
2026-02-16 10:43:07,135 - src.data_loader - INFO - Data generation complete.
2026-02-16 10:43:07,135 - app - INFO - Data generated via UI.
2026-02-16 10:43:07,168 - src.preprocessor - INFO - Calculating RFM metrics...
2026-02-16 10:43:07,182 - src.preprocessor - INFO - RFM calculation complete for 100 customers.
2026-02-16 10:43:07,187 - src.visualization - INFO - Plotting RFM distribution...
2026-02-16 10:43:17,408 - src.preprocessor - INFO - Calculating RFM metrics...
2026-02-16 10:43:17,419 - src.preprocessor - INFO - RFM calculation complete for 100 customers.
2026-02-16 10:43:17,422 - src.visualization - INFO - Plotting RFM distribution...
2026-02-16 10:43:17,491 - src.model - INFO - Training KMeans with 4 clusters...
2026-02-16 10:43:19,429 - src.model - INFO - Training complete.
2026-02-16 10:43:19,430 - src.model - INFO - Evaluating model...
2026-02-16 10:43:19,433 - src.model - INFO - Silhouette Score: 0.39624216261311235
2026-02-16 10:43:19,434 - src.visualization - INFO - Plotting 3D Clusters...
2026-02-16 10:43:19,514 - src.visualization - INFO - Plotting Cluster Summary...
2026-02-16 10:43:52,689 - src.preprocessor - INFO - Calculating RFM metrics...
2026-02-16 10:43:52,702 - src.preprocessor - INFO - RFM calculation complete for 100 customers.
2026-02-16 10:43:52,705 - src.visualization - INFO - Plotting RFM distribution...
2026-02-16 10:43:52,780 - src.model - INFO - Evaluating model...
2026-02-16 10:43:52,785 - src.model - INFO - Silhouette Score: 0.39624216261311235
2026-02-16 10:43:52,787 - src.visualization - INFO - Plotting 3D Clusters...
2026-02-16 10:43:52,835 - src.visualization - INFO - Plotting Cluster Summary...
2026-02-16 10:43:54,323 - src.preprocessor - INFO - Calculating RFM metrics...
2026-02-16 10:43:54,336 - src.preprocessor - INFO - RFM calculation complete for 100 customers.
2026-02-16 10:43:54,339 - src.visualization - INFO - Plotting RFM distribution...
2026-02-16 10:43:54,410 - src.model - INFO - Evaluating model...
2026-02-16 10:43:54,416 - src.model - INFO - Silhouette Score: 0.39624216261311235
2026-02-16 10:43:54,418 - src.visualization - INFO - Plotting 3D Clusters...
2026-02-16 10:43:54,461 - src.visualization - INFO - Plotting Cluster Summary...
2026-02-16 10:43:59,606 - src.preprocessor - INFO - Calculating RFM metrics...
2026-02-16 10:43:59,617 - src.preprocessor - INFO - RFM calculation complete for 100 customers.
2026-02-16 10:43:59,620 - src.visualization - INFO - Plotting RFM distribution...
2026-02-16 10:43:59,690 - src.model - INFO - Evaluating model...
2026-02-16 10:43:59,695 - src.model - INFO - Silhouette Score: 0.39624216261311235
2026-02-16 10:43:59,697 - src.visualization - INFO - Plotting 3D Clusters...
2026-02-16 10:43:59,749 - src.visualization - INFO - Plotting Cluster Summary...
2026-02-16 10:47:57,931 - app - INFO - Data uploaded via UI.
2026-02-16 10:47:57,939 - src.preprocessor - INFO - Calculating RFM metrics...
2026-02-16 10:47:57,940 - src.preprocessor - ERROR - Error in RFM calculation: 'TransactionDate'
2026-02-16 10:47:57,941 - app - ERROR - Global error: 'TransactionDate'
2026-02-16 10:48:20,490 - src.preprocessor - INFO - Calculating RFM metrics...
2026-02-16 10:48:20,490 - src.preprocessor - ERROR - Error in RFM calculation: 'TransactionDate'
2026-02-16 10:48:20,491 - app - ERROR - Global error: 'TransactionDate'
2026-02-16 10:48:23,611 - src.data_loader - INFO - Generating 1000 transactions for 100 customers.
2026-02-16 10:48:23,619 - src.data_loader - INFO - Data generation complete.
2026-02-16 10:48:23,619 - app - INFO - Data generated via UI.
2026-02-16 10:48:23,625 - src.preprocessor - INFO - Calculating RFM metrics...
2026-02-16 10:48:23,638 - src.preprocessor - INFO - RFM calculation complete for 100 customers.
2026-02-16 10:48:23,641 - src.visualization - INFO - Plotting RFM distribution...
2026-02-16 10:48:41,402 - src.preprocessor - INFO - Calculating RFM metrics...
2026-02-16 10:48:41,414 - src.preprocessor - INFO - RFM calculation complete for 100 customers.
2026-02-16 10:48:41,418 - src.visualization - INFO - Plotting RFM distribution...
2026-02-16 10:48:42,401 - src.preprocessor - INFO - Calculating RFM metrics...
2026-02-16 10:48:42,412 - src.preprocessor - INFO - RFM calculation complete for 100 customers.
2026-02-16 10:48:42,416 - src.visualization - INFO - Plotting RFM distribution...
2026-02-16 10:48:43,440 - src.preprocessor - INFO - Calculating RFM metrics...
2026-02-16 10:48:43,452 - src.preprocessor - INFO - RFM calculation complete for 100 customers.
2026-02-16 10:48:43,456 - src.visualization - INFO - Plotting RFM distribution...
2026-02-16 10:48:44,768 - src.preprocessor - INFO - Calculating RFM metrics...
2026-02-16 10:48:44,778 - src.preprocessor - INFO - RFM calculation complete for 100 customers.
2026-02-16 10:48:44,782 - src.visualization - INFO - Plotting RFM distribution...
2026-02-16 10:48:45,837 - src.preprocessor - INFO - Calculating RFM metrics...
2026-02-16 10:48:45,848 - src.preprocessor - INFO - RFM calculation complete for 100 customers.
2026-02-16 10:48:45,851 - src.visualization - INFO - Plotting RFM distribution...
2026-02-16 10:48:45,926 - src.model - INFO - Training KMeans with 3 clusters...
2026-02-16 10:48:48,137 - src.model - INFO - Training complete.
2026-02-16 10:48:48,138 - src.model - INFO - Evaluating model...
2026-02-16 10:48:48,141 - src.model - INFO - Silhouette Score: 0.4192023088770669
2026-02-16 10:48:48,143 - src.visualization - INFO - Plotting 3D Clusters...
2026-02-16 10:48:48,218 - src.visualization - INFO - Plotting Cluster Summary...
